{
  "RSpec": {
    "coverage": {
      "/home/ramires/Repositorio/Ruby/blog_ruby/config/environment.rb": [
        null,
        1,
        null,
        null,
        1
      ],
      "/home/ramires/Repositorio/Ruby/blog_ruby/config/environments/test.rb": [
        null,
        null,
        null,
        null,
        null,
        1,
        null,
        null,
        1,
        1,
        null,
        null,
        null,
        null,
        1,
        null,
        null,
        1,
        1,
        null,
        null,
        null,
        null,
        1,
        1,
        1,
        null,
        null,
        1,
        null,
        null,
        1,
        null,
        null,
        1,
        null,
        1,
        null,
        null,
        null,
        null,
        1,
        null,
        null,
        1,
        null,
        null,
        null,
        null
      ],
      "/home/ramires/Repositorio/Ruby/blog_ruby/config/initializers/application_controller_renderer.rb": [
        null,
        null,
        null,
        null,
        null,
        null,
        null,
        null
      ],
      "/home/ramires/Repositorio/Ruby/blog_ruby/config/initializers/assets.rb": [
        null,
        null,
        null,
        1,
        null,
        null,
        null,
        null,
        1,
        null,
        null,
        null,
        null,
        null
      ],
      "/home/ramires/Repositorio/Ruby/blog_ruby/config/initializers/backtrace_silencers.rb": [
        null,
        null,
        null,
        null,
        null,
        null,
        null
      ],
      "/home/ramires/Repositorio/Ruby/blog_ruby/config/initializers/content_security_policy.rb": [
        null,
        null,
        null,
        null,
        null,
        null,
        null,
        null,
        null,
        null,
        null,
        null,
        null,
        null,
        null,
        null,
        null,
        null,
        null,
        null,
        null,
        null,
        null,
        null,
        null,
        null,
        null,
        null,
        null,
        null
      ],
      "/home/ramires/Repositorio/Ruby/blog_ruby/config/initializers/cookies_serializer.rb": [
        null,
        null,
        null,
        null,
        1
      ],
      "/home/ramires/Repositorio/Ruby/blog_ruby/config/initializers/filter_parameter_logging.rb": [
        null,
        null,
        null,
        1
      ],
      "/home/ramires/Repositorio/Ruby/blog_ruby/config/initializers/inflections.rb": [
        null,
        null,
        null,
        null,
        null,
        null,
        null,
        null,
        null,
        null,
        null,
        null,
        null,
        null,
        null,
        null
      ],
      "/home/ramires/Repositorio/Ruby/blog_ruby/config/initializers/mime_types.rb": [
        null,
        null,
        null,
        null
      ],
      "/home/ramires/Repositorio/Ruby/blog_ruby/config/initializers/wrap_parameters.rb": [
        null,
        null,
        null,
        null,
        null,
        null,
        1,
        0,
        null,
        null,
        null,
        null,
        null,
        null
      ],
      "/home/ramires/Repositorio/Ruby/blog_ruby/config/routes.rb": [
        1,
        1,
        null,
        1,
        1,
        null,
        null,
        1,
        null
      ],
      "/home/ramires/Repositorio/Ruby/blog_ruby/test/controllers/articles_controller_test.rb": [
        1,
        null,
        1,
        null,
        null,
        null,
        null
      ],
      "/home/ramires/Repositorio/Ruby/blog_ruby/test/controllers/welcome_controller_test.rb": [
        1,
        null,
        1,
        1,
        0,
        0,
        null,
        null,
        null
      ],
      "/home/ramires/Repositorio/Ruby/blog_ruby/test/models/article_test.rb": [
        1,
        null,
        1,
        null,
        null,
        null,
        null
      ]
    },
    "timestamp": 1596217275
  }
}
