<?xml version='1.0'?> 
<!DOCTYPE coverage SYSTEM "http://cobertura.sourceforge.net/xml/coverage-04.dtd">
<!-- Generated by simplecov-cobertura version 1.3.1 (https://github.com/dashingrocket/simplecov-cobertura) -->
<coverage line-rate="1.0" branch-rate="0" lines-covered="41" lines-valid="41" branches-covered="0" branches-valid="0" complexity="0" version="0" timestamp="1596214107">
  <sources>
    <source>/home/ramires/Repositorio/Ruby/blog_ruby</source>
  </sources>
  <packages>
    <package name="blog_ruby" line-rate="1.0" branch-rate="0" complexity="0">
      <classes>
        <class name="application_helper" filename="app/helpers/application_helper.rb" line-rate="1.0" branch-rate="0" complexity="0">
          <methods/>
          <lines>
            <line number="1" branch="false" hits="1"/>
          </lines>
        </class>
        <class name="articles_helper" filename="app/helpers/articles_helper.rb" line-rate="1.0" branch-rate="0" complexity="0">
          <methods/>
          <lines>
            <line number="1" branch="false" hits="1"/>
          </lines>
        </class>
        <class name="comments_helper" filename="app/helpers/comments_helper.rb" line-rate="1.0" branch-rate="0" complexity="0">
          <methods/>
          <lines>
            <line number="1" branch="false" hits="1"/>
          </lines>
        </class>
        <class name="welcome_helper" filename="app/helpers/welcome_helper.rb" line-rate="1.0" branch-rate="0" complexity="0">
          <methods/>
          <lines>
            <line number="1" branch="false" hits="1"/>
          </lines>
        </class>
        <class name="application" filename="config/application.rb" line-rate="1.0" branch-rate="0" complexity="0">
          <methods/>
          <lines>
            <line number="1" branch="false" hits="1"/>
            <line number="3" branch="false" hits="1"/>
            <line number="7" branch="false" hits="1"/>
            <line number="9" branch="false" hits="1"/>
            <line number="10" branch="false" hits="1"/>
            <line number="12" branch="false" hits="1"/>
          </lines>
        </class>
        <class name="boot" filename="config/boot.rb" line-rate="1.0" branch-rate="0" complexity="0">
          <methods/>
          <lines>
            <line number="1" branch="false" hits="1"/>
            <line number="3" branch="false" hits="1"/>
            <line number="4" branch="false" hits="1"/>
          </lines>
        </class>
        <class name="environment" filename="config/environment.rb" line-rate="1.0" branch-rate="0" complexity="0">
          <methods/>
          <lines>
            <line number="2" branch="false" hits="1"/>
            <line number="5" branch="false" hits="1"/>
          </lines>
        </class>
        <class name="test" filename="config/environments/test.rb" line-rate="1.0" branch-rate="0" complexity="0">
          <methods/>
          <lines>
            <line number="6" branch="false" hits="1"/>
            <line number="9" branch="false" hits="1"/>
            <line number="10" branch="false" hits="1"/>
            <line number="15" branch="false" hits="1"/>
            <line number="18" branch="false" hits="1"/>
            <line number="19" branch="false" hits="1"/>
            <line number="24" branch="false" hits="1"/>
            <line number="25" branch="false" hits="1"/>
            <line number="26" branch="false" hits="1"/>
            <line number="29" branch="false" hits="1"/>
            <line number="32" branch="false" hits="1"/>
            <line number="35" branch="false" hits="1"/>
            <line number="37" branch="false" hits="1"/>
            <line number="42" branch="false" hits="1"/>
            <line number="45" branch="false" hits="1"/>
          </lines>
        </class>
        <class name="application_controller_renderer" filename="config/initializers/application_controller_renderer.rb" line-rate="1.0" branch-rate="0" complexity="0">
          <methods/>
          <lines/>
        </class>
        <class name="assets" filename="config/initializers/assets.rb" line-rate="1.0" branch-rate="0" complexity="0">
          <methods/>
          <lines>
            <line number="4" branch="false" hits="1"/>
            <line number="9" branch="false" hits="1"/>
          </lines>
        </class>
        <class name="backtrace_silencers" filename="config/initializers/backtrace_silencers.rb" line-rate="1.0" branch-rate="0" complexity="0">
          <methods/>
          <lines/>
        </class>
        <class name="content_security_policy" filename="config/initializers/content_security_policy.rb" line-rate="1.0" branch-rate="0" complexity="0">
          <methods/>
          <lines/>
        </class>
        <class name="cookies_serializer" filename="config/initializers/cookies_serializer.rb" line-rate="1.0" branch-rate="0" complexity="0">
          <methods/>
          <lines>
            <line number="5" branch="false" hits="1"/>
          </lines>
        </class>
        <class name="filter_parameter_logging" filename="config/initializers/filter_parameter_logging.rb" line-rate="1.0" branch-rate="0" complexity="0">
          <methods/>
          <lines>
            <line number="4" branch="false" hits="1"/>
          </lines>
        </class>
        <class name="inflections" filename="config/initializers/inflections.rb" line-rate="1.0" branch-rate="0" complexity="0">
          <methods/>
          <lines/>
        </class>
        <class name="mime_types" filename="config/initializers/mime_types.rb" line-rate="1.0" branch-rate="0" complexity="0">
          <methods/>
          <lines/>
        </class>
        <class name="wrap_parameters" filename="config/initializers/wrap_parameters.rb" line-rate="1.0" branch-rate="0" complexity="0">
          <methods/>
          <lines>
            <line number="7" branch="false" hits="1"/>
            <line number="8" branch="false" hits="2"/>
          </lines>
        </class>
        <class name="routes" filename="config/routes.rb" line-rate="1.0" branch-rate="0" complexity="0">
          <methods/>
          <lines>
            <line number="1" branch="false" hits="1"/>
            <line number="2" branch="false" hits="1"/>
            <line number="4" branch="false" hits="1"/>
            <line number="5" branch="false" hits="1"/>
            <line number="8" branch="false" hits="1"/>
          </lines>
        </class>
      </classes>
    </package>
  </packages>
</coverage>